  Algorithms.cpp
F:\Пользователи\paneg\OneDrive\Рабочий стол\Учеба\2 Курс\КурсоваРобота\Hospital\mainProject\mainProject\Algorithms.cpp(40,7): warning C4996: 'sprintf': This function or variable may be unsafe. Consider using sprintf_s instead. To disable deprecation, use _CRT_SECURE_NO_WARNINGS. See online help for details.
F:\Пользователи\paneg\OneDrive\Рабочий стол\Учеба\2 Курс\КурсоваРобота\Hospital\mainProject\mainProject\Algorithms.cpp(106,24): warning C4267: инициализация: преобразование из "size_t" в "int"; возможна потеря данных
F:\Пользователи\paneg\OneDrive\Рабочий стол\Учеба\2 Курс\КурсоваРобота\Hospital\mainProject\mainProject\Algorithms.cpp(127,19): warning C4267: инициализация: преобразование из "size_t" в "int"; возможна потеря данных
F:\Пользователи\paneg\OneDrive\Рабочий стол\Учеба\2 Курс\КурсоваРобота\Hospital\mainProject\mainProject\Algorithms.cpp(131,26): warning C4267: инициализация: преобразование из "size_t" в "int"; возможна потеря данных
F:\Пользователи\paneg\OneDrive\Рабочий стол\Учеба\2 Курс\КурсоваРобота\Hospital\mainProject\mainProject\Algorithms.cpp(159,8): warning C4267: инициализация: преобразование из "size_t" в "int"; возможна потеря данных
  LogForm.cpp
F:\Пользователи\paneg\OneDrive\Рабочий стол\Учеба\2 Курс\КурсоваРобота\Hospital\mainProject\mainProject\NewRecordForm.h(80,14): warning C4996: 'sprintf': This function or variable may be unsafe. Consider using sprintf_s instead. To disable deprecation, use _CRT_SECURE_NO_WARNINGS. See online help for details.
F:\Пользователи\paneg\OneDrive\Рабочий стол\Учеба\2 Курс\КурсоваРобота\Hospital\mainProject\mainProject\NewRecordForm.h(86,14): warning C4996: 'sprintf': This function or variable may be unsafe. Consider using sprintf_s instead. To disable deprecation, use _CRT_SECURE_NO_WARNINGS. See online help for details.
F:\Пользователи\paneg\OneDrive\Рабочий стол\Учеба\2 Курс\КурсоваРобота\Hospital\mainProject\mainProject\NewRecordForm.h(101,12): warning C4996: 'sprintf': This function or variable may be unsafe. Consider using sprintf_s instead. To disable deprecation, use _CRT_SECURE_NO_WARNINGS. See online help for details.
F:\Пользователи\paneg\OneDrive\Рабочий стол\Учеба\2 Курс\КурсоваРобота\Hospital\mainProject\mainProject\NewRecordForm.h(113,14): warning C4996: 'sprintf': This function or variable may be unsafe. Consider using sprintf_s instead. To disable deprecation, use _CRT_SECURE_NO_WARNINGS. See online help for details.
F:\Пользователи\paneg\OneDrive\Рабочий стол\Учеба\2 Курс\КурсоваРобота\Hospital\mainProject\mainProject\NewRecordForm.h(710,65): warning C4267: аргумент: преобразование из "size_t" в "int"; возможна потеря данных
  NewRecordForm.cpp
F:\Пользователи\paneg\OneDrive\Рабочий стол\Учеба\2 Курс\КурсоваРобота\Hospital\mainProject\mainProject\NewRecordForm.h(80,14): warning C4996: 'sprintf': This function or variable may be unsafe. Consider using sprintf_s instead. To disable deprecation, use _CRT_SECURE_NO_WARNINGS. See online help for details.
F:\Пользователи\paneg\OneDrive\Рабочий стол\Учеба\2 Курс\КурсоваРобота\Hospital\mainProject\mainProject\NewRecordForm.h(86,14): warning C4996: 'sprintf': This function or variable may be unsafe. Consider using sprintf_s instead. To disable deprecation, use _CRT_SECURE_NO_WARNINGS. See online help for details.
F:\Пользователи\paneg\OneDrive\Рабочий стол\Учеба\2 Курс\КурсоваРобота\Hospital\mainProject\mainProject\NewRecordForm.h(101,12): warning C4996: 'sprintf': This function or variable may be unsafe. Consider using sprintf_s instead. To disable deprecation, use _CRT_SECURE_NO_WARNINGS. See online help for details.
F:\Пользователи\paneg\OneDrive\Рабочий стол\Учеба\2 Курс\КурсоваРобота\Hospital\mainProject\mainProject\NewRecordForm.h(113,14): warning C4996: 'sprintf': This function or variable may be unsafe. Consider using sprintf_s instead. To disable deprecation, use _CRT_SECURE_NO_WARNINGS. See online help for details.
F:\Пользователи\paneg\OneDrive\Рабочий стол\Учеба\2 Курс\КурсоваРобота\Hospital\mainProject\mainProject\NewRecordForm.h(710,65): warning C4267: аргумент: преобразование из "size_t" в "int"; возможна потеря данных
  SignForm.cpp
F:\Пользователи\paneg\OneDrive\Рабочий стол\Учеба\2 Курс\КурсоваРобота\Hospital\mainProject\mainProject\NewRecordForm.h(80,14): warning C4996: 'sprintf': This function or variable may be unsafe. Consider using sprintf_s instead. To disable deprecation, use _CRT_SECURE_NO_WARNINGS. See online help for details.
F:\Пользователи\paneg\OneDrive\Рабочий стол\Учеба\2 Курс\КурсоваРобота\Hospital\mainProject\mainProject\NewRecordForm.h(86,14): warning C4996: 'sprintf': This function or variable may be unsafe. Consider using sprintf_s instead. To disable deprecation, use _CRT_SECURE_NO_WARNINGS. See online help for details.
F:\Пользователи\paneg\OneDrive\Рабочий стол\Учеба\2 Курс\КурсоваРобота\Hospital\mainProject\mainProject\NewRecordForm.h(101,12): warning C4996: 'sprintf': This function or variable may be unsafe. Consider using sprintf_s instead. To disable deprecation, use _CRT_SECURE_NO_WARNINGS. See online help for details.
F:\Пользователи\paneg\OneDrive\Рабочий стол\Учеба\2 Курс\КурсоваРобота\Hospital\mainProject\mainProject\NewRecordForm.h(113,14): warning C4996: 'sprintf': This function or variable may be unsafe. Consider using sprintf_s instead. To disable deprecation, use _CRT_SECURE_NO_WARNINGS. See online help for details.
F:\Пользователи\paneg\OneDrive\Рабочий стол\Учеба\2 Курс\КурсоваРобота\Hospital\mainProject\mainProject\NewRecordForm.h(710,65): warning C4267: аргумент: преобразование из "size_t" в "int"; возможна потеря данных
  StartForm.cpp
F:\Пользователи\paneg\OneDrive\Рабочий стол\Учеба\2 Курс\КурсоваРобота\Hospital\mainProject\mainProject\NewRecordForm.h(80,14): warning C4996: 'sprintf': This function or variable may be unsafe. Consider using sprintf_s instead. To disable deprecation, use _CRT_SECURE_NO_WARNINGS. See online help for details.
F:\Пользователи\paneg\OneDrive\Рабочий стол\Учеба\2 Курс\КурсоваРобота\Hospital\mainProject\mainProject\NewRecordForm.h(86,14): warning C4996: 'sprintf': This function or variable may be unsafe. Consider using sprintf_s instead. To disable deprecation, use _CRT_SECURE_NO_WARNINGS. See online help for details.
F:\Пользователи\paneg\OneDrive\Рабочий стол\Учеба\2 Курс\КурсоваРобота\Hospital\mainProject\mainProject\NewRecordForm.h(101,12): warning C4996: 'sprintf': This function or variable may be unsafe. Consider using sprintf_s instead. To disable deprecation, use _CRT_SECURE_NO_WARNINGS. See online help for details.
F:\Пользователи\paneg\OneDrive\Рабочий стол\Учеба\2 Курс\КурсоваРобота\Hospital\mainProject\mainProject\NewRecordForm.h(113,14): warning C4996: 'sprintf': This function or variable may be unsafe. Consider using sprintf_s instead. To disable deprecation, use _CRT_SECURE_NO_WARNINGS. See online help for details.
F:\Пользователи\paneg\OneDrive\Рабочий стол\Учеба\2 Курс\КурсоваРобота\Hospital\mainProject\mainProject\NewRecordForm.h(710,65): warning C4267: аргумент: преобразование из "size_t" в "int"; возможна потеря данных
  Создание кода...
F:\Пользователи\paneg\OneDrive\Рабочий стол\Учеба\2 Курс\КурсоваРобота\Hospital\mainProject\mainProject\Algorithms.cpp(20): warning C4715: ParseToStringorSTDSTRING: значение возвращается не при всех путях выполнения
  AboutAppForm.obj : обнаружен модуль MSIL; для MSIL последовательная компоновка отключена; выполняется полная компоновка
mysqlcppconn-static.lib(mysql_art_resultset.obj) : warning LNK4099: "" PDB не найден с "mysqlcppconn-static.lib(mysql_art_resultset.obj)" или на ""; компоновка объекта выполняется как при отсутствии отладочных данных
mysqlcppconn-static.lib(mysql_prepared_statement.obj) : warning LNK4099: "" PDB не найден с "mysqlcppconn-static.lib(mysql_prepared_statement.obj)" или на ""; компоновка объекта выполняется как при отсутствии отладочных данных
mysqlcppconn-static.lib(mysql_connection.obj) : warning LNK4099: "" PDB не найден с "mysqlcppconn-static.lib(mysql_connection.obj)" или на ""; компоновка объекта выполняется как при отсутствии отладочных данных
mysqlcppconn-static.lib(mysql_util.obj) : warning LNK4099: "" PDB не найден с "mysqlcppconn-static.lib(mysql_util.obj)" или на ""; компоновка объекта выполняется как при отсутствии отладочных данных
mysqlcppconn-static.lib(mysql_art_rset_metadata.obj) : warning LNK4099: "" PDB не найден с "mysqlcppconn-static.lib(mysql_art_rset_metadata.obj)" или на ""; компоновка объекта выполняется как при отсутствии отладочных данных
mysqlcppconn-static.lib(mysql_warning.obj) : warning LNK4099: "" PDB не найден с "mysqlcppconn-static.lib(mysql_warning.obj)" или на ""; компоновка объекта выполняется как при отсутствии отладочных данных
mysqlcppconn-static.lib(mysql_resultbind.obj) : warning LNK4099: "" PDB не найден с "mysqlcppconn-static.lib(mysql_resultbind.obj)" или на ""; компоновка объекта выполняется как при отсутствии отладочных данных
mysqlcppconn-static.lib(mysql_ps_resultset.obj) : warning LNK4099: "" PDB не найден с "mysqlcppconn-static.lib(mysql_ps_resultset.obj)" или на ""; компоновка объекта выполняется как при отсутствии отладочных данных
mysqlcppconn-static.lib(mysql_ps_resultset_metadata.obj) : warning LNK4099: "" PDB не найден с "mysqlcppconn-static.lib(mysql_ps_resultset_metadata.obj)" или на ""; компоновка объекта выполняется как при отсутствии отладочных данных
mysqlcppconn-static.lib(mysql_parameter_metadata.obj) : warning LNK4099: "" PDB не найден с "mysqlcppconn-static.lib(mysql_parameter_metadata.obj)" или на ""; компоновка объекта выполняется как при отсутствии отладочных данных
mysqlcppconn-static.lib(mysql_uri.obj) : warning LNK4099: "" PDB не найден с "mysqlcppconn-static.lib(mysql_uri.obj)" или на ""; компоновка объекта выполняется как при отсутствии отладочных данных
mysqlcppconn-static.lib(mysql_metadata.obj) : warning LNK4099: "" PDB не найден с "mysqlcppconn-static.lib(mysql_metadata.obj)" или на ""; компоновка объекта выполняется как при отсутствии отладочных данных
mysqlcppconn-static.lib(mysql_statement.obj) : warning LNK4099: "" PDB не найден с "mysqlcppconn-static.lib(mysql_statement.obj)" или на ""; компоновка объекта выполняется как при отсутствии отладочных данных
mysqlcppconn-static.lib(mysql_debug.obj) : warning LNK4099: "" PDB не найден с "mysqlcppconn-static.lib(mysql_debug.obj)" или на ""; компоновка объекта выполняется как при отсутствии отладочных данных
mysqlcppconn-static.lib(mysql_resultset.obj) : warning LNK4099: "" PDB не найден с "mysqlcppconn-static.lib(mysql_resultset.obj)" или на ""; компоновка объекта выполняется как при отсутствии отладочных данных
mysqlcppconn-static.lib(mysql_resultset_metadata.obj) : warning LNK4099: "" PDB не найден с "mysqlcppconn-static.lib(mysql_resultset_metadata.obj)" или на ""; компоновка объекта выполняется как при отсутствии отладочных данных
mysqlcppconn-static.lib(mysql_driver.obj) : warning LNK4099: "" PDB не найден с "mysqlcppconn-static.lib(mysql_driver.obj)" или на ""; компоновка объекта выполняется как при отсутствии отладочных данных
mysqlcppconn-static.lib(mysql_native_driver_wrapper.obj) : warning LNK4099: "" PDB не найден с "mysqlcppconn-static.lib(mysql_native_driver_wrapper.obj)" или на ""; компоновка объекта выполняется как при отсутствии отладочных данных
mysqlcppconn-static.lib(mysql_client_api.obj) : warning LNK4099: "" PDB не найден с "mysqlcppconn-static.lib(mysql_client_api.obj)" или на ""; компоновка объекта выполняется как при отсутствии отладочных данных
mysqlcppconn-static.lib(mysql_native_connection_wrapper.obj) : warning LNK4099: "" PDB не найден с "mysqlcppconn-static.lib(mysql_native_connection_wrapper.obj)" или на ""; компоновка объекта выполняется как при отсутствии отладочных данных
mysqlcppconn-static.lib(mysql_native_resultset_wrapper.obj) : warning LNK4099: "" PDB не найден с "mysqlcppconn-static.lib(mysql_native_resultset_wrapper.obj)" или на ""; компоновка объекта выполняется как при отсутствии отладочных данных
mysqlcppconn-static.lib(mysql_native_statement_wrapper.obj) : warning LNK4099: "" PDB не найден с "mysqlcppconn-static.lib(mysql_native_statement_wrapper.obj)" или на ""; компоновка объекта выполняется как при отсутствии отладочных данных
  mainProject.vcxproj -> F:\Пользователи\paneg\OneDrive\Рабочий стол\Учеба\2 Курс\КурсоваРобота\Hospital\mainProject\x64\Release\mainProject.exe
